<?xml version="1.0" encoding="UTF-8"?>
<testsuites name="User Management" time="79.578" tests="2" failures="0" errors="0">
   <testsuite name="User Management" tests="2" failures="0" errors="0" time="79.578" skipped="0" timestamp="2024-02-12 09:32:10" hostname="CIkal - Cikal" id="Test Suites/Website/User Management">
      <properties>
         <property name="deviceName" value=""/>
         <property name="devicePlatform" value=""/>
         <property name="logFolder" value="C:\\Users\\CIkal\\git\\bootcamp_final_project\\Reports\\20240212_093205\\Website\\User Management\\20240212_093205"/>
         <property name="logFiles" value="C:\\Users\\CIkal\\git\\bootcamp_final_project\\Reports\\20240212_093205\\Website\\User Management\\20240212_093205\\execution0.log"/>
         <property name="attachments" value=""/>
         <property name="hostName" value="CIkal - Cikal"/>
         <property name="os" value="Windows 11 64bit"/>
         <property name="katalonVersion" value="9.0.0.212"/>
         <property name="browser" value="Chrome 121.0.0.0"/>
         <property name="hostAddress" value="172.16.213.209"/>
         <property name="sessionId" value="840e84a53a1d87d3fd97af8fa7fbd690"/>
         <property name="seleniumVersion" value="3.141.59"/>
         <property name="proxyInformation" value="ProxyInformation { proxyOption=NO_PROXY, proxyServerType=HTTP, username=, password=********, proxyServerAddress=, proxyServerPort=0, executionList=&quot;&quot;, isApplyToDesiredCapabilities=true }"/>
         <property name="platform" value="Windows 11"/>
      </properties>
      <testcase name="Test Cases/Final Project - Website/Positive Test/User Management/login_test" time="33.093" classname="Test Cases/Final Project - Website/Positive Test/User Management/login_test" status="PASSED">
         <system-out><![CDATA[2024-02-12 09:32:10 - [TEST_CASE][PASSED] - Test Cases/Final Project - Website/Positive Test/User Management/login_test: Test Cases/Final Project - Website/Positive Test/User Management/login_test

2024-02-12 09:32:10 - [TEST_STEP][PASSED] - website.Browser.openBrowser(website_url): website.Browser.openBrowser is PASSED

2024-02-12 09:32:11 - [MESSAGE][INFO] - Starting 'Chrome' driver

2024-02-12 09:32:11 - [MESSAGE][INFO] - Action delay is set to 0 milliseconds

2024-02-12 09:32:12 - [MESSAGE][PASSED] - Browser is opened with url: ''

2024-02-12 09:32:13 - [MESSAGE][PASSED] - Current window maximized

2024-02-12 09:32:16 - [MESSAGE][PASSED] - Navigate to 'https://advantageonlineshopping.com/#/' successfully

2024-02-12 09:32:21 - [MESSAGE][PASSED] - Delayed 5 second(s)

2024-02-12 09:32:21 - [MESSAGE][PASSED] - website.Browser.openBrowser is PASSED

2024-02-12 09:32:21 - [TEST_STEP][PASSED] - waitForElementVisible(findTestObject("Object Repository/User Management Objects/btn_account"), 10): Object 'Object Repository/User Management Objects/btn_account' is visible

2024-02-12 09:32:24 - [MESSAGE][PASSED] - Object 'Object Repository/User Management Objects/btn_account' is visible

2024-02-12 09:32:24 - [TEST_STEP][PASSED] - delay(10): Delayed 10 second(s)

2024-02-12 09:32:34 - [MESSAGE][PASSED] - Delayed 10 second(s)

2024-02-12 09:32:34 - [TEST_STEP][PASSED] - click(findTestObject("Object Repository/User Management Objects/btn_account")): Object: 'Object Repository/User Management Objects/btn_account' is clicked on

2024-02-12 09:32:35 - [MESSAGE][PASSED] - Object: 'Object Repository/User Management Objects/btn_account' is clicked on

2024-02-12 09:32:35 - [TEST_STEP][PASSED] - waitForElementVisible(findTestObject("Object Repository/User Management Objects/input_login_username"), 10): Object 'Object Repository/User Management Objects/input_login_username' is visible

2024-02-12 09:32:36 - [MESSAGE][PASSED] - Object 'Object Repository/User Management Objects/input_login_username' is visible

2024-02-12 09:32:36 - [TEST_STEP][PASSED] - setText(findTestObject("Object Repository/User Management Objects/input_login_username"), username): Text 'AquaBotol3' is set on object 'Object Repository/User Management Objects/input_login_username'

2024-02-12 09:32:37 - [MESSAGE][PASSED] - Text 'AquaBotol3' is set on object 'Object Repository/User Management Objects/input_login_username'

2024-02-12 09:32:37 - [TEST_STEP][PASSED] - waitForElementVisible(findTestObject("Object Repository/User Management Objects/input_login_password"), 10): Object 'Object Repository/User Management Objects/input_login_password' is visible

2024-02-12 09:32:38 - [MESSAGE][PASSED] - Object 'Object Repository/User Management Objects/input_login_password' is visible

2024-02-12 09:32:38 - [TEST_STEP][PASSED] - setText(findTestObject("Object Repository/User Management Objects/input_login_password"), password): Text 'Aquabotol3' is set on object 'Object Repository/User Management Objects/input_login_password'

2024-02-12 09:32:39 - [MESSAGE][PASSED] - Text 'Aquabotol3' is set on object 'Object Repository/User Management Objects/input_login_password'

2024-02-12 09:32:39 - [TEST_STEP][PASSED] - check(findTestObject("Object Repository/User Management Objects/checkbox_login_remember_me")): Object 'Object Repository/User Management Objects/checkbox_login_remember_me' is checked

2024-02-12 09:32:40 - [MESSAGE][PASSED] - Object 'Object Repository/User Management Objects/checkbox_login_remember_me' is checked

2024-02-12 09:32:40 - [TEST_STEP][PASSED] - click(findTestObject("Object Repository/User Management Objects/btn_signin")): Object: 'Object Repository/User Management Objects/btn_signin' is clicked on

2024-02-12 09:32:41 - [MESSAGE][PASSED] - Object: 'Object Repository/User Management Objects/btn_signin' is clicked on

2024-02-12 09:32:41 - [TEST_STEP][PASSED] - waitForElementVisible(findTestObject("Object Repository/User Management Objects/span_user_name"), 10): Object 'Object Repository/User Management Objects/span_user_name' is visible

2024-02-12 09:32:42 - [MESSAGE][PASSED] - Object 'Object Repository/User Management Objects/span_user_name' is visible

2024-02-12 09:32:42 - [TEST_STEP][PASSED] - displayedUsername = getText(findTestObject("Object Repository/User Management Objects/span_user_name")): Text of object 'Object Repository/User Management Objects/span_user_name' is: 'AquaBotol3'

2024-02-12 09:32:42 - [MESSAGE][PASSED] - Text of object 'Object Repository/User Management Objects/span_user_name' is: 'AquaBotol3'

2024-02-12 09:32:42 - [TEST_STEP][PASSED] - assert displayedUsername.equalsIgnoreCase(username) : "Username false!": null

2024-02-12 09:32:42 - [TEST_STEP][PASSED] - closeBrowser(): Browser is closed

2024-02-12 09:32:43 - [MESSAGE][PASSED] - Browser is closed]]></system-out>
         <system-err><![CDATA[]]></system-err>
      </testcase>
      <testcase name="Test Cases/Final Project - Website/Positive Test/User Management/register_test" time="46.255" classname="Test Cases/Final Project - Website/Positive Test/User Management/register_test" status="PASSED">
         <system-out><![CDATA[2024-02-12 09:32:43 - [TEST_CASE][PASSED] - Test Cases/Final Project - Website/Positive Test/User Management/register_test: Test Cases/Final Project - Website/Positive Test/User Management/register_test

2024-02-12 09:32:44 - [TEST_STEP][PASSED] - website.Browser.openBrowser(website_url): website.Browser.openBrowser is PASSED

2024-02-12 09:32:44 - [MESSAGE][INFO] - Starting 'Chrome' driver

2024-02-12 09:32:44 - [MESSAGE][INFO] - Action delay is set to 0 milliseconds

2024-02-12 09:32:45 - [MESSAGE][PASSED] - Browser is opened with url: ''

2024-02-12 09:32:45 - [MESSAGE][PASSED] - Current window maximized

2024-02-12 09:32:52 - [MESSAGE][PASSED] - Navigate to 'https://advantageonlineshopping.com/#/' successfully

2024-02-12 09:32:57 - [MESSAGE][PASSED] - Delayed 5 second(s)

2024-02-12 09:32:57 - [MESSAGE][PASSED] - website.Browser.openBrowser is PASSED

2024-02-12 09:32:57 - [TEST_STEP][PASSED] - waitForElementVisible(findTestObject("Object Repository/User Management Objects/btn_account"), 10): Object 'Object Repository/User Management Objects/btn_account' is visible

2024-02-12 09:32:57 - [MESSAGE][PASSED] - Object 'Object Repository/User Management Objects/btn_account' is visible

2024-02-12 09:32:57 - [TEST_STEP][PASSED] - delay(10): Delayed 10 second(s)

2024-02-12 09:33:07 - [MESSAGE][PASSED] - Delayed 10 second(s)

2024-02-12 09:33:07 - [TEST_STEP][PASSED] - click(findTestObject("Object Repository/User Management Objects/btn_account")): Object: 'Object Repository/User Management Objects/btn_account' is clicked on

2024-02-12 09:33:08 - [MESSAGE][PASSED] - Object: 'Object Repository/User Management Objects/btn_account' is clicked on

2024-02-12 09:33:08 - [TEST_STEP][PASSED] - click(findTestObject("Object Repository/User Management Objects/btn_create_account")): Object: 'Object Repository/User Management Objects/btn_create_account' is clicked on

2024-02-12 09:33:09 - [MESSAGE][PASSED] - Object: 'Object Repository/User Management Objects/btn_create_account' is clicked on

2024-02-12 09:33:09 - [TEST_STEP][PASSED] - setText(findTestObject("Object Repository/User Management Objects/input_username"), username): Text 'AquaBotol4' is set on object 'Object Repository/User Management Objects/input_username'

2024-02-12 09:33:10 - [MESSAGE][PASSED] - Text 'AquaBotol4' is set on object 'Object Repository/User Management Objects/input_username'

2024-02-12 09:33:10 - [TEST_STEP][PASSED] - setText(findTestObject("Object Repository/User Management Objects/input_email"), email): Text 'aquabotol@gmail.com' is set on object 'Object Repository/User Management Objects/input_email'

2024-02-12 09:33:12 - [MESSAGE][PASSED] - Text 'aquabotol@gmail.com' is set on object 'Object Repository/User Management Objects/input_email'

2024-02-12 09:33:12 - [TEST_STEP][PASSED] - setText(findTestObject("Object Repository/User Management Objects/input_password"), password): Text 'AquaBotol4' is set on object 'Object Repository/User Management Objects/input_password'

2024-02-12 09:33:13 - [MESSAGE][PASSED] - Text 'AquaBotol4' is set on object 'Object Repository/User Management Objects/input_password'

2024-02-12 09:33:13 - [TEST_STEP][PASSED] - setText(findTestObject("Object Repository/User Management Objects/input_confirm_password"), password): Text 'AquaBotol4' is set on object 'Object Repository/User Management Objects/input_confirm_password'

2024-02-12 09:33:14 - [MESSAGE][PASSED] - Text 'AquaBotol4' is set on object 'Object Repository/User Management Objects/input_confirm_password'

2024-02-12 09:33:14 - [TEST_STEP][PASSED] - setText(findTestObject("Object Repository/User Management Objects/input_email"), email): Text 'aquabotol@gmail.com' is set on object 'Object Repository/User Management Objects/input_email'

2024-02-12 09:33:15 - [MESSAGE][PASSED] - Text 'aquabotol@gmail.com' is set on object 'Object Repository/User Management Objects/input_email'

2024-02-12 09:33:15 - [TEST_STEP][PASSED] - setText(findTestObject("Object Repository/User Management Objects/input_first_name"), first_name): Text 'Air' is set on object 'Object Repository/User Management Objects/input_first_name'

2024-02-12 09:33:16 - [MESSAGE][PASSED] - Text 'Air' is set on object 'Object Repository/User Management Objects/input_first_name'

2024-02-12 09:33:16 - [TEST_STEP][PASSED] - setText(findTestObject("Object Repository/User Management Objects/input_last_name"), last_name): Text 'Aqua' is set on object 'Object Repository/User Management Objects/input_last_name'

2024-02-12 09:33:18 - [MESSAGE][PASSED] - Text 'Aqua' is set on object 'Object Repository/User Management Objects/input_last_name'

2024-02-12 09:33:18 - [TEST_STEP][PASSED] - setText(findTestObject("Object Repository/User Management Objects/input_phone_number"), phone_number): Text '14045' is set on object 'Object Repository/User Management Objects/input_phone_number'

2024-02-12 09:33:19 - [MESSAGE][PASSED] - Text '14045' is set on object 'Object Repository/User Management Objects/input_phone_number'

2024-02-12 09:33:19 - [TEST_STEP][PASSED] - selectOptionByLabel(findTestObject("Object Repository/User Management Objects/select_country"), country, false): All options with label 'Indonesia' are selected in object 'Object Repository/User Management Objects/select_country' 

2024-02-12 09:33:20 - [MESSAGE][PASSED] - All options with label 'Indonesia' are selected in object 'Object Repository/User Management Objects/select_country' 

2024-02-12 09:33:20 - [TEST_STEP][PASSED] - setText(findTestObject("Object Repository/User Management Objects/input_city"), city): Text 'Jakarta' is set on object 'Object Repository/User Management Objects/input_city'

2024-02-12 09:33:21 - [MESSAGE][PASSED] - Text 'Jakarta' is set on object 'Object Repository/User Management Objects/input_city'

2024-02-12 09:33:21 - [TEST_STEP][PASSED] - setText(findTestObject("Object Repository/User Management Objects/input_address"), address): Text 'Address' is set on object 'Object Repository/User Management Objects/input_address'

2024-02-12 09:33:23 - [MESSAGE][PASSED] - Text 'Address' is set on object 'Object Repository/User Management Objects/input_address'

2024-02-12 09:33:23 - [TEST_STEP][PASSED] - setText(findTestObject("Object Repository/User Management Objects/input_state"), state): Text 'DKI' is set on object 'Object Repository/User Management Objects/input_state'

2024-02-12 09:33:24 - [MESSAGE][PASSED] - Text 'DKI' is set on object 'Object Repository/User Management Objects/input_state'

2024-02-12 09:33:24 - [TEST_STEP][PASSED] - setText(findTestObject("Object Repository/User Management Objects/input_postal_code"), postal_code): Text '80000' is set on object 'Object Repository/User Management Objects/input_postal_code'

2024-02-12 09:33:25 - [MESSAGE][PASSED] - Text '80000' is set on object 'Object Repository/User Management Objects/input_postal_code'

2024-02-12 09:33:25 - [TEST_STEP][PASSED] - check(findTestObject("Object Repository/User Management Objects/checkbox_agree")): Object 'Object Repository/User Management Objects/checkbox_agree' is checked

2024-02-12 09:33:27 - [MESSAGE][PASSED] - Object 'Object Repository/User Management Objects/checkbox_agree' is checked

2024-02-12 09:33:27 - [TEST_STEP][PASSED] - click(findTestObject("Object Repository/User Management Objects/btn_register")): Object: 'Object Repository/User Management Objects/btn_register' is clicked on

2024-02-12 09:33:27 - [MESSAGE][PASSED] - Object: 'Object Repository/User Management Objects/btn_register' is clicked on

2024-02-12 09:33:27 - [TEST_STEP][PASSED] - displayedUsername = getText(findTestObject("Object Repository/User Management Objects/span_user_name")): Text of object 'Object Repository/User Management Objects/span_user_name' is: 'AquaBotol4'

2024-02-12 09:33:29 - [MESSAGE][PASSED] - Text of object 'Object Repository/User Management Objects/span_user_name' is: 'AquaBotol4'

2024-02-12 09:33:29 - [TEST_STEP][PASSED] - println("Username = " + displayedUsername): null

2024-02-12 09:33:29 - [TEST_STEP][PASSED] - println("Variable Username = " + username): null

2024-02-12 09:33:29 - [TEST_STEP][PASSED] - assert displayedUsername.equalsIgnoreCase(username) : "Username false!": null

2024-02-12 09:33:29 - [TEST_STEP][PASSED] - closeBrowser(): Browser is closed

2024-02-12 09:33:29 - [MESSAGE][PASSED] - Browser is closed]]></system-out>
         <system-err><![CDATA[]]></system-err>
      </testcase>
      <system-out><![CDATA[2024-02-12 09:32:10 - [TEST_SUITE][PASSED] - User Management: Test Cases/Final Project - Website/Positive Test/User Management/register_test]]></system-out>
      <system-err><![CDATA[]]></system-err>
   </testsuite>
</testsuites>
